#
# There is insufficient memory for the Java Runtime Environment to continue.
# Native memory allocation (malloc) failed to allocate 612176 bytes for Chunk::new
# Possible reasons:
#   The system is out of physical RAM or swap space
#   In 32 bit mode, the process size limit was hit
# Possible solutions:
#   Reduce memory load on the system
#   Increase physical memory or swap space
#   Check if swap backing store is full
#   Use 64 bit Java on a 64 bit OS
#   Decrease Java heap size (-Xmx/-Xms)
#   Decrease number of Java threads
#   Decrease Java thread stack sizes (-Xss)
#   Set larger code cache with -XX:ReservedCodeCacheSize=
# This output file may be truncated or incomplete.
#
#  Out of Memory Error (allocation.cpp:390), pid=4776, tid=0x0000000000004d48
#
# JRE version: Java(TM) SE Runtime Environment (8.0_171-b11) (build 1.8.0_171-b11)
# Java VM: Java HotSpot(TM) 64-Bit Server VM (25.171-b11 mixed mode windows-amd64 compressed oops)
# Failed to write core dump. Minidumps are not enabled by default on client versions of Windows
#

---------------  T H R E A D  ---------------

Current thread (0x0000000014a66000):  JavaThread "C2 CompilerThread1" daemon [_thread_in_native, id=19784, stack(0x00000000166b0000,0x00000000167b0000)]

Stack: [0x00000000166b0000,0x00000000167b0000]
[error occurred during error reporting (printing stack bounds), id 0xc0000005]

Native frames: (J=compiled Java code, j=interpreted, Vv=VM code, C=native code)


Current CompileTask:
C2:   8289 1764       4       java.io.WinNTFileSystem::normalize (143 bytes)


---------------  P R O C E S S  ---------------

Java Threads: ( => current thread )
  0x0000000017bd4800 JavaThread "Thread-1" [_thread_in_native, id=9396, stack(0x0000000019660000,0x0000000019760000)]
  0x0000000017124800 JavaThread "background-preinit" [_thread_in_native, id=12860, stack(0x00000000176b0000,0x00000000177b0000)]
  0x0000000014a6b000 JavaThread "Service Thread" daemon [_thread_blocked, id=4344, stack(0x00000000168b0000,0x00000000169b0000)]
  0x0000000014a67000 JavaThread "C1 CompilerThread2" daemon [_thread_blocked, id=8948, stack(0x00000000167b0000,0x00000000168b0000)]
=>0x0000000014a66000 JavaThread "C2 CompilerThread1" daemon [_thread_in_native, id=19784, stack(0x00000000166b0000,0x00000000167b0000)]
  0x0000000014a1f800 JavaThread "C2 CompilerThread0" daemon [_thread_blocked, id=8404, stack(0x00000000161b0000,0x00000000162b0000)]
  0x0000000014a1e000 JavaThread "Attach Listener" daemon [_thread_blocked, id=6036, stack(0x00000000160b0000,0x00000000161b0000)]
  0x0000000014a18800 JavaThread "Signal Dispatcher" daemon [_thread_blocked, id=21424, stack(0x0000000015fb0000,0x00000000160b0000)]
  0x000000000244e800 JavaThread "Finalizer" daemon [_thread_blocked, id=17736, stack(0x0000000015c90000,0x0000000015d90000)]
  0x0000000002445000 JavaThread "Reference Handler" daemon [_thread_blocked, id=9604, stack(0x0000000015b90000,0x0000000015c90000)]
  0x0000000002354800 JavaThread "main" [_thread_in_vm, id=3432, stack(0x0000000002250000,0x0000000002350000)]

Other Threads:
  0x00000000149d7000 VMThread [stack: 0x0000000015a90000,0x0000000015b90000] [id=8596]
  0x0000000014a6d800 WatcherThread [stack: 0x0000000016db0000,0x0000000016eb0000] [id=3152]

VM state:not at safepoint (normal execution)

VM Mutex/Monitor currently owned by a thread: None

Heap:
 PSYoungGen      total 71680K, used 11904K [0x00000000eb500000, 0x00000000f0300000, 0x0000000100000000)
  eden space 65024K, 18% used [0x00000000eb500000,0x00000000ec0a0048,0x00000000ef480000)
  from space 6656K, 0% used [0x00000000efb80000,0x00000000efb80000,0x00000000f0200000)
  to   space 7168K, 0% used [0x00000000ef480000,0x00000000ef480000,0x00000000efb80000)
 ParOldGen       total 35328K, used 7606K [0x00000000c1e00000, 0x00000000c4080000, 0x00000000eb500000)
  object space 35328K, 21% used [0x00000000c1e00000,0x00000000c256d958,0x00000000c4080000)
 Metaspace       used 22051K, capacity 22608K, committed 22784K, reserved 1069056K
  class space    used 2819K, capacity 2996K, committed 3072K, reserved 1048576K

Card table byte_map: [0x0000000011810000,0x0000000011a10000] byte_map_base: 0x0000000011201000

Marking Bits: (ParMarkBitMap*) 0x00000000565308c0
 Begin Bits: [0x0000000011f60000, 0x0000000012ee8000)
 End Bits:   [0x0000000012ee8000, 0x0000000013e70000)

Polling page: 0x0000000000bc0000

CodeCache: size=245760Kb used=6093Kb max_used=6093Kb free=239666Kb
 bounds [0x0000000002450000, 0x0000000002a50000, 0x0000000011450000]
 total_blobs=2100 nmethods=1726 adapters=286
 compilation: enabled

Compilation events (10 events):
Event: 8.073 Thread 0x0000000014a1f800 nmethod 1757 0x0000000002a47510 code [0x0000000002a47680, 0x0000000002a47ea8]
Event: 8.074 Thread 0x0000000014a67000 1761       3       java.util.ArrayList::isEmpty (13 bytes)
Event: 8.075 Thread 0x0000000014a67000 nmethod 1761 0x0000000002a28510 code [0x0000000002a28660, 0x0000000002a28810]
Event: 8.075 Thread 0x0000000014a67000 1763       3       org.springframework.util.StringUtils::delimitedListToStringArray (165 bytes)
Event: 8.077 Thread 0x0000000014a67000 nmethod 1763 0x0000000002a481d0 code [0x0000000002a48560, 0x0000000002a4a848]
Event: 8.077 Thread 0x0000000014a67000 1762       3       org.springframework.util.StringUtils::delimitedListToStringArray (7 bytes)
Event: 8.077 Thread 0x0000000014a67000 nmethod 1762 0x0000000002a28190 code [0x0000000002a28300, 0x0000000002a28468]
Event: 8.142 Thread 0x0000000014a66000 1764       4       java.io.WinNTFileSystem::normalize (143 bytes)
Event: 8.174 Thread 0x0000000014a67000 1765       3       org.springframework.util.StringUtils::collectionToDelimitedString (10 bytes)
Event: 8.174 Thread 0x0000000014a67000 nmethod 1765 0x0000000002a27dd0 code [0x0000000002a27f40, 0x0000000002a280a8]

GC Heap History (10 events):
Event: 4.102 GC heap before
{Heap before GC invocations=3 (full 0):
 PSYoungGen      total 18944K, used 18928K [0x00000000eb500000, 0x00000000eca00000, 0x0000000100000000)
  eden space 16384K, 100% used [0x00000000eb500000,0x00000000ec500000,0x00000000ec500000)
  from space 2560K, 99% used [0x00000000ec780000,0x00000000ec9fc010,0x00000000eca00000)
  to   space 2560K, 0% used [0x00000000ec500000,0x00000000ec500000,0x00000000ec780000)
 ParOldGen       total 44032K, used 1721K [0x00000000c1e00000, 0x00000000c4900000, 0x00000000eb500000)
  object space 44032K, 3% used [0x00000000c1e00000,0x00000000c1fae668,0x00000000c4900000)
 Metaspace       used 12158K, capacity 12456K, committed 12672K, reserved 1060864K
  class space    used 1531K, capacity 1630K, committed 1664K, reserved 1048576K
Event: 4.112 GC heap after
Heap after GC invocations=3 (full 0):
 PSYoungGen      total 18944K, used 2560K [0x00000000eb500000, 0x00000000eda00000, 0x0000000100000000)
  eden space 16384K, 0% used [0x00000000eb500000,0x00000000eb500000,0x00000000ec500000)
  from space 2560K, 100% used [0x00000000ec500000,0x00000000ec780000,0x00000000ec780000)
  to   space 2560K, 0% used [0x00000000ed780000,0x00000000ed780000,0x00000000eda00000)
 ParOldGen       total 44032K, used 2868K [0x00000000c1e00000, 0x00000000c4900000, 0x00000000eb500000)
  object space 44032K, 6% used [0x00000000c1e00000,0x00000000c20cd220,0x00000000c4900000)
 Metaspace       used 12158K, capacity 12456K, committed 12672K, reserved 1060864K
  class space    used 1531K, capacity 1630K, committed 1664K, reserved 1048576K
}
Event: 4.601 GC heap before
{Heap before GC invocations=4 (full 0):
 PSYoungGen      total 18944K, used 18944K [0x00000000eb500000, 0x00000000eda00000, 0x0000000100000000)
  eden space 16384K, 100% used [0x00000000eb500000,0x00000000ec500000,0x00000000ec500000)
  from space 2560K, 100% used [0x00000000ec500000,0x00000000ec780000,0x00000000ec780000)
  to   space 2560K, 0% used [0x00000000ed780000,0x00000000ed780000,0x00000000eda00000)
 ParOldGen       total 44032K, used 2868K [0x00000000c1e00000, 0x00000000c4900000, 0x00000000eb500000)
  object space 44032K, 6% used [0x00000000c1e00000,0x00000000c20cd220,0x00000000c4900000)
 Metaspace       used 13408K, capacity 13840K, committed 13952K, reserved 1060864K
  class space    used 1749K, capacity 1892K, committed 1920K, reserved 1048576K
Event: 4.622 GC heap after
Heap after GC invocations=4 (full 0):
 PSYoungGen      total 35328K, used 2560K [0x00000000eb500000, 0x00000000eda00000, 0x0000000100000000)
  eden space 32768K, 0% used [0x00000000eb500000,0x00000000eb500000,0x00000000ed500000)
  from space 2560K, 100% used [0x00000000ed780000,0x00000000eda00000,0x00000000eda00000)
  to   space 2560K, 0% used [0x00000000ed500000,0x00000000ed500000,0x00000000ed780000)
 ParOldGen       total 44032K, used 4443K [0x00000000c1e00000, 0x00000000c4900000, 0x00000000eb500000)
  object space 44032K, 10% used [0x00000000c1e00000,0x00000000c2256de0,0x00000000c4900000)
 Metaspace       used 13408K, capacity 13840K, committed 13952K, reserved 1060864K
  class space    used 1749K, capacity 1892K, committed 1920K, reserved 1048576K
}
Event: 5.656 GC heap before
{Heap before GC invocations=5 (full 0):
 PSYoungGen      total 35328K, used 35328K [0x00000000eb500000, 0x00000000eda00000, 0x0000000100000000)
  eden space 32768K, 100% used [0x00000000eb500000,0x00000000ed500000,0x00000000ed500000)
  from space 2560K, 100% used [0x00000000ed780000,0x00000000eda00000,0x00000000eda00000)
  to   space 2560K, 0% used [0x00000000ed500000,0x00000000ed500000,0x00000000ed780000)
 ParOldGen       total 44032K, used 4443K [0x00000000c1e00000, 0x00000000c4900000, 0x00000000eb500000)
  object space 44032K, 10% used [0x00000000c1e00000,0x00000000c2256de0,0x00000000c4900000)
 Metaspace       used 17580K, capacity 18060K, committed 18304K, reserved 1064960K
  class space    used 2262K, capacity 2420K, committed 2432K, reserved 1048576K
Event: 5.674 GC heap after
Heap after GC invocations=5 (full 0):
 PSYoungGen      total 35328K, used 2544K [0x00000000eb500000, 0x00000000f0200000, 0x0000000100000000)
  eden space 32768K, 0% used [0x00000000eb500000,0x00000000eb500000,0x00000000ed500000)
  from space 2560K, 99% used [0x00000000ed500000,0x00000000ed77c010,0x00000000ed780000)
  to   space 6656K, 0% used [0x00000000efb80000,0x00000000efb80000,0x00000000f0200000)
 ParOldGen       total 44032K, used 8777K [0x00000000c1e00000, 0x00000000c4900000, 0x00000000eb500000)
  object space 44032K, 19% used [0x00000000c1e00000,0x00000000c2692690,0x00000000c4900000)
 Metaspace       used 17580K, capacity 18060K, committed 18304K, reserved 1064960K
  class space    used 2262K, capacity 2420K, committed 2432K, reserved 1048576K
}
Event: 7.118 GC heap before
{Heap before GC invocations=6 (full 0):
 PSYoungGen      total 35328K, used 22128K [0x00000000eb500000, 0x00000000f0200000, 0x0000000100000000)
  eden space 32768K, 59% used [0x00000000eb500000,0x00000000ec8201e8,0x00000000ed500000)
  from space 2560K, 99% used [0x00000000ed500000,0x00000000ed77c010,0x00000000ed780000)
  to   space 6656K, 0% used [0x00000000efb80000,0x00000000efb80000,0x00000000f0200000)
 ParOldGen       total 44032K, used 8777K [0x00000000c1e00000, 0x00000000c4900000, 0x00000000eb500000)
  object space 44032K, 19% used [0x00000000c1e00000,0x00000000c2692690,0x00000000c4900000)
 Metaspace       used 20651K, capacity 21134K, committed 21248K, reserved 1067008K
  class space    used 2659K, capacity 2807K, committed 2816K, reserved 1048576K
Event: 7.138 GC heap after
Heap after GC invocations=6 (full 0):
 PSYoungGen      total 71680K, used 5396K [0x00000000eb500000, 0x00000000f0300000, 0x0000000100000000)
  eden space 65024K, 0% used [0x00000000eb500000,0x00000000eb500000,0x00000000ef480000)
  from space 6656K, 81% used [0x00000000efb80000,0x00000000f00c5368,0x00000000f0200000)
  to   space 7168K, 0% used [0x00000000ef480000,0x00000000ef480000,0x00000000efb80000)
 ParOldGen       total 44032K, used 8777K [0x00000000c1e00000, 0x00000000c4900000, 0x00000000eb500000)
  object space 44032K, 19% used [0x00000000c1e00000,0x00000000c2692690,0x00000000c4900000)
 Metaspace       used 20651K, capacity 21134K, committed 21248K, reserved 1067008K
  class space    used 2659K, capacity 2807K, committed 2816K, reserved 1048576K
}
Event: 7.138 GC heap before
{Heap before GC invocations=7 (full 1):
 PSYoungGen      total 71680K, used 5396K [0x00000000eb500000, 0x00000000f0300000, 0x0000000100000000)
  eden space 65024K, 0% used [0x00000000eb500000,0x00000000eb500000,0x00000000ef480000)
  from space 6656K, 81% used [0x00000000efb80000,0x00000000f00c5368,0x00000000f0200000)
  to   space 7168K, 0% used [0x00000000ef480000,0x00000000ef480000,0x00000000efb80000)
 ParOldGen       total 44032K, used 8777K [0x00000000c1e00000, 0x00000000c4900000, 0x00000000eb500000)
  object space 44032K, 19% used [0x00000000c1e00000,0x00000000c2692690,0x00000000c4900000)
 Metaspace       used 20651K, capacity 21134K, committed 21248K, reserved 1067008K
  class space    used 2659K, capacity 2807K, committed 2816K, reserved 1048576K
Event: 7.256 GC heap after
Heap after GC invocations=7 (full 1):
 PSYoungGen      total 71680K, used 0K [0x00000000eb500000, 0x00000000f0300000, 0x0000000100000000)
  eden space 65024K, 0% used [0x00000000eb500000,0x00000000eb500000,0x00000000ef480000)
  from space 6656K, 0% used [0x00000000efb80000,0x00000000efb80000,0x00000000f0200000)
  to   space 7168K, 0% used [0x00000000ef480000,0x00000000ef480000,0x00000000efb80000)
 ParOldGen       total 35328K, used 7606K [0x00000000c1e00000, 0x00000000c4080000, 0x00000000eb500000)
  object space 35328K, 21% used [0x00000000c1e00000,0x00000000c256d958,0x00000000c4080000)
 Metaspace       used 20651K, capacity 21134K, committed 21248K, reserved 1067008K
  class space    used 2659K, capacity 2807K, committed 2816K, reserved 1048576K
}

Deoptimization events (10 events):
Event: 5.061 Thread 0x0000000017124800 Uncommon trap: reason=unstable_if action=reinterpret pc=0x00000000027ebc44 method=java.util.HashMap.putVal(ILjava/lang/Object;Ljava/lang/Object;ZZ)Ljava/lang/Object; @ 193
Event: 5.166 Thread 0x0000000017124800 Uncommon trap: reason=unstable_if action=reinterpret pc=0x00000000028158e4 method=java.util.jar.Manifest$FastInputStream.readLine([BII)I @ 87
Event: 5.698 Thread 0x0000000002354800 Uncommon trap: reason=unstable_if action=reinterpret pc=0x0000000002731ad0 method=java.io.WinNTFileSystem.normalize(Ljava/lang/String;)Ljava/lang/String; @ 128
Event: 6.404 Thread 0x0000000017124800 Uncommon trap: reason=unstable_if action=reinterpret pc=0x000000000287d764 method=jdk.internal.org.objectweb.asm.Type.getArgumentsAndReturnSizes(Ljava/lang/String;)I @ 47
Event: 7.754 Thread 0x0000000017124800 Uncommon trap: reason=unstable_if action=reinterpret pc=0x00000000029c5220 method=com.sun.org.apache.xerces.internal.impl.XMLEntityScanner.scanLiteral(ILcom/sun/org/apache/xerces/internal/xni/XMLString;Z)I @ 570
Event: 7.794 Thread 0x0000000017124800 Uncommon trap: reason=unstable_if action=reinterpret pc=0x00000000029ab374 method=com.sun.org.apache.xerces.internal.impl.XMLEntityScanner.checkBeforeLoad(Lcom/sun/xml/internal/stream/Entity$ScannedEntity;II)I @ 18
Event: 7.918 Thread 0x0000000017124800 Uncommon trap: reason=unstable_if action=reinterpret pc=0x00000000029dc85c method=com.sun.org.apache.xerces.internal.impl.XMLEntityScanner.skipSpaces()Z @ 125
Event: 7.975 Thread 0x0000000017124800 Uncommon trap: reason=unstable_if action=reinterpret pc=0x0000000002a2f4a0 method=org.apache.tomcat.util.IntrospectionUtils.setProperty(Ljava/lang/Object;Ljava/lang/String;Ljava/lang/String;Z)Z @ 196
Event: 7.987 Thread 0x0000000017124800 Uncommon trap: reason=unstable_if action=reinterpret pc=0x00000000029fbfc8 method=com.sun.org.apache.xerces.internal.util.SymbolTable.addSymbol([CII)Ljava/lang/String; @ 38
Event: 8.035 Thread 0x0000000017124800 Uncommon trap: reason=unstable_if action=reinterpret pc=0x00000000025d0fcc method=com.sun.org.apache.xerces.internal.utils.XMLLimitAnalyzer.addValue(ILjava/lang/String;I)V @ 78

Classes redefined (0 events):
No events

Internal exceptions (10 events):
Event: 5.560 Thread 0x0000000002354800 Exception <a 'java/lang/ClassNotFoundException': org/springframework/core/PriorityOrderedCustomizer> (0x00000000ed0fb9c0) thrown at [C:\re\workspace\8-2-build-windows-amd64-cygwin\jdk8u171\10807\hotspot\src\share\vm\classfile\systemDictionary.cpp, line 21
Event: 5.561 Thread 0x0000000002354800 Exception <a 'java/lang/ClassNotFoundException': org/springframework/core/OrderedCustomizer> (0x00000000ed10a398) thrown at [C:\re\workspace\8-2-build-windows-amd64-cygwin\jdk8u171\10807\hotspot\src\share\vm\classfile\systemDictionary.cpp, line 210]
Event: 5.562 Thread 0x0000000002354800 Exception <a 'java/lang/ClassNotFoundException': org/springframework/context/ResourceLoaderAwareCustomizer> (0x00000000ed11d130) thrown at [C:\re\workspace\8-2-build-windows-amd64-cygwin\jdk8u171\10807\hotspot\src\share\vm\classfile\systemDictionary.cpp, 
Event: 5.564 Thread 0x0000000002354800 Exception <a 'java/lang/ClassNotFoundException': org/springframework/beans/factory/AwareCustomizer> (0x00000000ed12e710) thrown at [C:\re\workspace\8-2-build-windows-amd64-cygwin\jdk8u171\10807\hotspot\src\share\vm\classfile\systemDictionary.cpp, line 210
Event: 5.589 Thread 0x0000000002354800 Exception <a 'java/lang/ClassNotFoundException': org/springframework/beans/factory/BeanClassLoaderAwareCustomizer> (0x00000000ed142210) thrown at [C:\re\workspace\8-2-build-windows-amd64-cygwin\jdk8u171\10807\hotspot\src\share\vm\classfile\systemDictionar
Event: 5.605 Thread 0x0000000002354800 Exception <a 'java/lang/ClassNotFoundException': org/springframework/beans/factory/AwareCustomizer> (0x00000000ed153808) thrown at [C:\re\workspace\8-2-build-windows-amd64-cygwin\jdk8u171\10807\hotspot\src\share\vm\classfile\systemDictionary.cpp, line 210
Event: 5.609 Thread 0x0000000002354800 Exception <a 'java/lang/ClassNotFoundException': org/springframework/context/EnvironmentAwareCustomizer> (0x00000000ed164e78) thrown at [C:\re\workspace\8-2-build-windows-amd64-cygwin\jdk8u171\10807\hotspot\src\share\vm\classfile\systemDictionary.cpp, lin
Event: 5.615 Thread 0x0000000002354800 Exception <a 'java/lang/ClassNotFoundException': org/springframework/beans/factory/AwareCustomizer> (0x00000000ed256568) thrown at [C:\re\workspace\8-2-build-windows-amd64-cygwin\jdk8u171\10807\hotspot\src\share\vm\classfile\systemDictionary.cpp, line 210
Event: 5.702 Thread 0x0000000002354800 Exception <a 'java/lang/NoSuchMethodError': java.lang.Object.lambda$comparing$77a9974f$1(Ljava/util/function/Function;Ljava/lang/Object;Ljava/lang/Object;)I> (0x00000000eb697f40) thrown at [C:\re\workspace\8-2-build-windows-amd64-cygwin\jdk8u171\10807\hot
Event: 6.470 Thread 0x0000000017124800 Exception <a 'java/lang/IncompatibleClassChangeError': Found class java.lang.Object, but interface was expected> (0x00000000ec53c228) thrown at [C:\re\workspace\8-2-build-windows-amd64-cygwin\jdk8u171\10807\hotspot\src\share\vm\interpreter\linkResolver.cp

Events (10 events):
Event: 8.194 loading class org/springframework/core/task/TaskExecutor done
Event: 8.195 loading class org/springframework/scheduling/SchedulingTaskExecutor
Event: 8.195 loading class org/springframework/scheduling/SchedulingTaskExecutor done
Event: 8.197 loading class org/springframework/scheduling/concurrent/ExecutorConfigurationSupport
Event: 8.197 loading class org/springframework/scheduling/concurrent/ExecutorConfigurationSupport done
Event: 8.197 loading class java/util/concurrent/locks/ReentrantReadWriteLock$FairSync done
Event: 8.197 loading class com/sun/jmx/interceptor/DefaultMBeanServerInterceptor
Event: 8.197 loading class org/springframework/scheduling/concurrent/CustomizableThreadFactory
Event: 8.197 loading class org/springframework/scheduling/concurrent/CustomizableThreadFactory done
Event: 8.198 loading class java/util/concurrent/ThreadFactory


Dynamic libraries:
0x00007ff7cca00000 - 0x00007ff7cca37000 	C:\Program Files\Java\jdk1.8.0_171\bin\java.exe
0x00007ffd43450000 - 0x00007ffd435fc000 	C:\Windows\SYSTEM32\ntdll.dll
0x00007ffd42860000 - 0x00007ffd4299e000 	C:\Windows\system32\KERNEL32.DLL
0x00007ffd409b0000 - 0x00007ffd40ac5000 	C:\Windows\system32\KERNELBASE.dll
0x00007ffd3f120000 - 0x00007ffd3f1ae000 	C:\Windows\system32\apphelp.dll
0x00007ffd32f20000 - 0x00007ffd32f73000 	C:\Windows\AppPatch\AppPatch64\AcGenral.DLL
0x00007ffd40b40000 - 0x00007ffd40bea000 	C:\Windows\system32\msvcrt.dll
0x00007ffd40440000 - 0x00007ffd4046e000 	C:\Windows\SYSTEM32\SspiCli.dll
0x00007ffd42ea0000 - 0x00007ffd42ef4000 	C:\Windows\system32\SHLWAPI.dll
0x00007ffd42b60000 - 0x00007ffd42cd7000 	C:\Windows\system32\USER32.dll
0x00007ffd43090000 - 0x00007ffd43224000 	C:\Windows\system32\ole32.dll
0x00007ffd40fd0000 - 0x00007ffd424fb000 	C:\Windows\system32\SHELL32.dll
0x00007ffd3fb90000 - 0x00007ffd3fbb1000 	C:\Windows\SYSTEM32\USERENV.dll
0x00007ffd427a0000 - 0x00007ffd4284a000 	C:\Windows\system32\ADVAPI32.dll
0x00007ffd306e0000 - 0x00007ffd306fe000 	C:\Windows\SYSTEM32\MPR.dll
0x00007ffd42f40000 - 0x00007ffd43081000 	C:\Windows\system32\RPCRT4.dll
0x00007ffd42b00000 - 0x00007ffd42b59000 	C:\Windows\SYSTEM32\sechost.dll
0x00007ffd40c00000 - 0x00007ffd40e11000 	C:\Windows\SYSTEM32\combase.dll
0x00007ffd432a0000 - 0x00007ffd433ef000 	C:\Windows\system32\GDI32.dll
0x00007ffd405a0000 - 0x00007ffd405b5000 	C:\Windows\SYSTEM32\profapi.dll
0x00007ffd3e930000 - 0x00007ffd3e9e2000 	C:\Windows\SYSTEM32\SHCORE.dll
0x00007ffd42f00000 - 0x00007ffd42f36000 	C:\Windows\system32\IMM32.DLL
0x00007ffd429a0000 - 0x00007ffd42af2000 	C:\Windows\system32\MSCTF.dll
0x00007ffd3e440000 - 0x00007ffd3e6bb000 	C:\Windows\WinSxS\amd64_microsoft.windows.common-controls_6595b64144ccf1df_6.0.9600.18006_none_623f33d3ecbe86e8\COMCTL32.dll
0x0000000055c30000 - 0x0000000055d02000 	C:\Program Files\Java\jdk1.8.0_171\jre\bin\msvcr100.dll
0x0000000055d10000 - 0x00000000565b0000 	C:\Program Files\Java\jdk1.8.0_171\jre\bin\server\jvm.dll
0x00007ffd36120000 - 0x00007ffd36129000 	C:\Windows\SYSTEM32\WSOCK32.dll
0x00007ffd3a810000 - 0x00007ffd3a832000 	C:\Windows\SYSTEM32\WINMM.dll
0x00007ffd3a190000 - 0x00007ffd3a19a000 	C:\Windows\SYSTEM32\VERSION.dll
0x00007ffd43230000 - 0x00007ffd43237000 	C:\Windows\system32\PSAPI.DLL
0x00007ffd433f0000 - 0x00007ffd4344a000 	C:\Windows\system32\WS2_32.dll
0x00007ffd3a7e0000 - 0x00007ffd3a80a000 	C:\Windows\SYSTEM32\WINMMBASE.dll
0x00007ffd42e90000 - 0x00007ffd42e99000 	C:\Windows\system32\NSI.dll
0x00007ffd40960000 - 0x00007ffd409af000 	C:\Windows\SYSTEM32\cfgmgr32.dll
0x00007ffd3f390000 - 0x00007ffd3f3b8000 	C:\Windows\SYSTEM32\DEVOBJ.dll
0x0000000055be0000 - 0x0000000055bef000 	C:\Program Files\Java\jdk1.8.0_171\jre\bin\verify.dll
0x0000000055bb0000 - 0x0000000055bd9000 	C:\Program Files\Java\jdk1.8.0_171\jre\bin\java.dll
0x0000000055b90000 - 0x0000000055ba6000 	C:\Program Files\Java\jdk1.8.0_171\jre\bin\zip.dll
0x0000000055900000 - 0x000000005590d000 	C:\Program Files\Java\jdk1.8.0_171\jre\bin\management.dll
0x0000000055b70000 - 0x0000000055b8a000 	C:\Program Files\Java\jdk1.8.0_171\jre\bin\net.dll
0x00007ffd3fe70000 - 0x00007ffd3fec9000 	C:\Windows\system32\mswsock.dll
0x00007ffd360e0000 - 0x00007ffd360f5000 	C:\Windows\system32\napinsp.dll
0x00007ffd360c0000 - 0x00007ffd360da000 	C:\Windows\system32\pnrpnsp.dll
0x00007ffd3e210000 - 0x00007ffd3e22b000 	C:\Windows\system32\NLAapi.dll
0x00007ffd3fc70000 - 0x00007ffd3fd14000 	C:\Windows\SYSTEM32\DNSAPI.dll
0x00007ffd360b0000 - 0x00007ffd360bd000 	C:\Windows\System32\winrnr.dll
0x00007ffd36090000 - 0x00007ffd360a4000 	C:\Windows\system32\wshbth.dll
0x00007ffd34f70000 - 0x00007ffd34f7a000 	C:\Windows\System32\rasadhlp.dll
0x00007ffd3d380000 - 0x00007ffd3d3aa000 	C:\Windows\SYSTEM32\IPHLPAPI.DLL
0x00007ffd3de30000 - 0x00007ffd3de3a000 	C:\Windows\SYSTEM32\WINNSI.DLL
0x00007ffd39760000 - 0x00007ffd397cb000 	C:\Windows\System32\fwpuclnt.dll
0x0000000055b50000 - 0x0000000055b61000 	C:\Program Files\Java\jdk1.8.0_171\jre\bin\nio.dll

VM Arguments:
java_command: com.bh08.movieproject.MovieSpringProject.MovieSpringProjectApplication
java_class_path (initial): C:\Workspace\MovieProject\MovieSpringProject\target\classes;C:\Users\ProBook\.m2\repository\org\springframework\boot\spring-boot-starter-data-jpa\2.1.3.RELEASE\spring-boot-starter-data-jpa-2.1.3.RELEASE.jar;C:\Users\ProBook\.m2\repository\org\springframework\boot\spring-boot-starter-aop\2.1.3.RELEASE\spring-boot-starter-aop-2.1.3.RELEASE.jar;C:\Users\ProBook\.m2\repository\org\springframework\spring-aop\5.1.5.RELEASE\spring-aop-5.1.5.RELEASE.jar;C:\Users\ProBook\.m2\repository\org\aspectj\aspectjweaver\1.9.2\aspectjweaver-1.9.2.jar;C:\Users\ProBook\.m2\repository\org\springframework\boot\spring-boot-starter-jdbc\2.1.3.RELEASE\spring-boot-starter-jdbc-2.1.3.RELEASE.jar;C:\Users\ProBook\.m2\repository\com\zaxxer\HikariCP\3.2.0\HikariCP-3.2.0.jar;C:\Users\ProBook\.m2\repository\org\springframework\spring-jdbc\5.1.5.RELEASE\spring-jdbc-5.1.5.RELEASE.jar;C:\Users\ProBook\.m2\repository\javax\transaction\javax.transaction-api\1.3\javax.transaction-api-1.3.jar;C:\Users\ProBook\.m2\repository\javax\xml\bind\jaxb-api\2.3.1\jaxb-api-2.3.1.jar;C:\Users\ProBook\.m2\repository\javax\activation\javax.activation-api\1.2.0\javax.activation-api-1.2.0.jar;C:\Users\ProBook\.m2\repository\org\hibernate\hibernate-core\5.3.7.Final\hibernate-core-5.3.7.Final.jar;C:\Users\ProBook\.m2\repository\org\jboss\logging\jboss-logging\3.3.2.Final\jboss-logging-3.3.2.Final.jar;C:\Users\ProBook\.m2\repository\javax\persistence\javax.persistence-api\2.2\javax.persistence-api-2.2.jar;C:\Users\ProBook\.m2\repository\org\javassist\javassist\3.23.1-GA\javassist-3.23.1-GA.jar;C:\Users\ProBook\.m2\repository\net\bytebuddy\byte-buddy\1.9.10\byte-buddy-1.9.10.jar;C:\Users\ProBook\.m2\repository\antlr\antlr\2.7.7\antlr-2.7.7.jar;C:\Users\ProBook\.m2\repository\org\jboss\jandex\2.0.5.Final\jandex-2.0.5.Final.jar;C:\Users\ProBook\.m2\repository\com\fasterxml\classmate\1.4.0\classmate-1.4.0.jar;C:\Users\ProBook\.m2\repository\org\dom4j\dom4j\2.1.1\dom4j-2.1.1.jar;C:\Users\ProBook\.m2\
Launcher Type: SUN_STANDARD

Environment Variables:
JAVA_HOME=C:\Program Files\Java\jdk1.8.0_171
PATH=C:\oraclexe\app\oracle\product\11.2.0\server\bin;;C:\Program Files\Java\jdk1.8.0_171\bin;C:\Program Files (x86)\Intel\iCLS Client\;C:\Program Files\Intel\iCLS Client\;C:\Windows\system32;C:\Windows;C:\Windows\System32\Wbem;C:\Windows\System32\WindowsPowerShell\v1.0\;C:\Program Files (x86)\ATI Technologies\ATI.ACE\Core-Static;C:\Program Files\Intel\Intel(R) Management Engine Components\DAL;C:\Program Files\Intel\Intel(R) Management Engine Components\IPT;C:\Program Files (x86)\Intel\Intel(R) Management Engine Components\DAL;C:\Program Files (x86)\Intel\Intel(R) Management Engine Components\IPT;C:\Program Files (x86)\Skype\Phone\;C:\Program Files\Git\cmd;C:\Maven\apache-maven-3.6.0\bin;C:\Program Files\Java\jdk1.8.0_171\bin;C:\Users\ProBook\AppData\Local\Programs\Python\Python37-32\Scripts\;C:\Users\ProBook\AppData\Local\Programs\Python\Python37-32\;C:\Users\ProBook\AppData\Local\Programs\Microsoft VS Code\bin
USERNAME=Zoli
OS=Windows_NT
PROCESSOR_IDENTIFIER=Intel64 Family 6 Model 69 Stepping 1, GenuineIntel



---------------  S Y S T E M  ---------------

OS: Windows 8.1 , 64 bit Build 9600 (6.3.9600.17415)

CPU:total 4 (initial active 4) (2 cores per cpu, 2 threads per core) family 6 model 69 stepping 1, cmov, cx8, fxsr, mmx, sse, sse2, sse3, ssse3, sse4.1, sse4.2, popcnt, avx, avx2, aes, clmul, erms, lzcnt, ht, tsc, tscinvbit, bmi1, bmi2

Memory: 4k page, physical 4063340k(227940k free), swap 16646252k(5500k free)

vm_info: Java HotSpot(TM) 64-Bit Server VM (25.171-b11) for windows-amd64 JRE (1.8.0_171-b11), built on Mar 28 2018 16:06:12 by "java_re" with MS VC++ 10.0 (VS2010)

time: Sun Mar 03 19:46:03 2019
elapsed time: 8 seconds (0d 0h 0m 8s)

